<?xml version="1.0" encoding="UTF-8"?>
<!-- Generated by org.testng.reporters.JUnitReportReporter -->
<testsuite hostname="Hemendra" failures="0" tests="4" name="jeinkin.demo1.TestngParallelTestingDemo" time="56.079" errors="0" timestamp="2022-12-22T01:27:23 IST" skipped="0">
  <testcase classname="jeinkin.demo1.TestngParallelTestingDemo" name="test1" time="9.699"/>
  <system-out/>
  <testcase classname="jeinkin.demo1.TestngParallelTestingDemo" name="test2" time="15.251"/>
  <system-out/>
  <testcase classname="jeinkin.demo1.TestngParallelTestingDemo" name="test3" time="23.638"/>
  <system-out/>
  <testcase classname="jeinkin.demo1.TestngParallelTestingDemo" name="test4" time="7.491"/>
  <system-out/>
</testsuite> <!-- jeinkin.demo1.TestngParallelTestingDemo -->
