<?xml version="1.0" encoding="UTF-8"?>
<!-- Generated by org.testng.reporters.JUnitReportReporter -->
<testsuite hostname="Hemendra" failures="0" tests="20" name="test.Login_test" time="75.854" errors="0" timestamp="2023-01-08T20:55:21 IST" skipped="0">
  <testcase classname="test.Login_test" name="getVerifyTitle" time="1.143"/>
  <system-out/>
  <testcase classname="test.Login_test" name="clickonsign" time="0.359"/>
  <system-out/>
  <testcase classname="test.Login_test" name="sendusername" time="1.147"/>
  <system-out/>
  <testcase classname="test.Login_test" name="sendpassword" time="1.185"/>
  <system-out/>
  <testcase classname="test.Login_test" name="clickonsigninbutton" time="2.273"/>
  <system-out/>
  <testcase classname="test.Login_test" name="clickonnewbutton" time="2.095"/>
  <system-out/>
  <testcase classname="test.Login_test" name="Createrepo" time="4.508"/>
  <system-out/>
  <testcase classname="test.Login_test" name="clickonissue" time="0.179"/>
  <system-out/>
  <testcase classname="test.Login_test" name="clickonnewissue" time="2.274"/>
  <system-out/>
  <testcase classname="test.Login_test" name="createnewissue" time="6.203"/>
  <system-out/>
  <testcase classname="test.Login_test" name="clickonnewissue1" time="4.265"/>
  <system-out/>
  <testcase classname="test.Login_test" name="createnewissue1" time="6.751"/>
  <system-out/>
  <testcase classname="test.Login_test" name="Addcomments" time="1.568"/>
  <system-out/>
  <testcase classname="test.Login_test" name="verifynewlink" time="15.256"/>
  <system-out/>
  <testcase classname="test.Login_test" name="clickonsetting" time="0.271"/>
  <system-out/>
  <testcase classname="test.Login_test" name="clickondeleterepo" time="10.529"/>
  <system-out/>
  <testcase classname="test.Login_test" name="clickondeleterepobutton" time="12.424"/>
  <system-out/>
  <testcase classname="test.Login_test" name="getsuccesfullmsg" time="0.057"/>
  <system-out/>
  <testcase classname="test.Login_test" name="clickonHomebutton" time="3.250"/>
  <system-out/>
  <testcase classname="test.Login_test" name="GetverifyRepo" time="0.117"/>
  <system-out/>
</testsuite> <!-- test.Login_test -->
