<?xml version="1.0" encoding="UTF-8"?>
<!-- Generated by org.testng.reporters.JUnitReportReporter -->
<testsuite hostname="Hemendra" failures="0" tests="6" name="test.SelectMenu_test" time="4.290" errors="0" timestamp="2023-01-04T18:06:07 IST" skipped="0">
  <testcase classname="test.SelectMenu_test" name="clickonwidget" time="0.259"/>
  <system-out/>
  <testcase classname="test.SelectMenu_test" name="clickonselectmenu" time="0.229"/>
  <system-out/>
  <testcase classname="test.SelectMenu_test" name="clickonselectbyvalue" time="1.094"/>
  <system-out/>
  <testcase classname="test.SelectMenu_test" name="clickonselectbyone" time="1.764"/>
  <system-out/>
  <testcase classname="test.SelectMenu_test" name="clickonmultiselect" time="0.656"/>
  <system-out/>
  <testcase classname="test.SelectMenu_test" name="clickonmultiselectrobotclass" time="0.288"/>
  <system-out/>
</testsuite> <!-- test.SelectMenu_test -->
