<?xml version="1.0" encoding="UTF-8"?>
<!-- Generated by org.testng.reporters.JUnitReportReporter -->
<testsuite hostname="Hemendra" failures="0" tests="5" name="test.ProgressBar_test" time="3.472" errors="0" timestamp="2023-01-04T18:06:07 IST" skipped="0">
  <testcase classname="test.ProgressBar_test" name="clickonwidgets" time="0.259"/>
  <system-out/>
  <testcase classname="test.ProgressBar_test" name="clickonprogressbarbutton" time="0.378"/>
  <system-out/>
  <testcase classname="test.ProgressBar_test" name="widthbeforestart" time="0.295"/>
  <system-out/>
  <testcase classname="test.ProgressBar_test" name="clickonStart" time="2.272"/>
  <system-out/>
  <testcase classname="test.ProgressBar_test" name="widthafterstart" time="0.268"/>
  <system-out/>
</testsuite> <!-- test.ProgressBar_test -->
