<?xml version="1.0" encoding="UTF-8"?>
<!-- Generated by org.testng.reporters.JUnitReportReporter -->
<testsuite hostname="Hemendra" failures="0" tests="5" name="test.Datapicker_test" time="1.900" errors="0" timestamp="2023-01-04T18:06:07 IST" skipped="0">
  <testcase classname="test.Datapicker_test" name="clickonwidgets" time="0.222"/>
  <system-out/>
  <testcase classname="test.Datapicker_test" name="clickondatapicker" time="0.338"/>
  <system-out/>
  <testcase classname="test.Datapicker_test" name="clickonselectdate" time="0.592"/>
  <system-out/>
  <testcase classname="test.Datapicker_test" name="selectdate_timePS" time="0.321"/>
  <system-out/>
  <testcase classname="test.Datapicker_test" name="selectgetdate_time" time="0.427"/>
  <system-out/>
</testsuite> <!-- test.Datapicker_test -->
