<?xml version="1.0" encoding="UTF-8"?>
<!-- Generated by org.testng.reporters.JUnitReportReporter -->
<testsuite hostname="Hemendra" failures="0" tests="4" name="Test1.Grouping" time="0.006" errors="0" timestamp="2023-01-05T12:51:09 IST" skipped="0">
  <testcase classname="Test1.Grouping" name="test2" time="0.002"/>
  <system-out/>
  <testcase classname="Test1.Grouping" name="test3" time="0.001"/>
  <system-out/>
  <testcase classname="Test1.Grouping" name="test1" time="0.002"/>
  <system-out/>
  <testcase classname="Test1.Grouping" name="test4" time="0.001"/>
  <system-out/>
</testsuite> <!-- Test1.Grouping -->
