<?xml version="1.0" encoding="UTF-8"?>
<!-- Generated by org.testng.reporters.JUnitReportReporter -->
<testsuite hostname="Hemendra" failures="0" tests="3" name="test.ToolTip_Test" time="0.942" errors="0" timestamp="2023-01-04T18:06:07 IST" skipped="0">
  <testcase classname="test.ToolTip_Test" name="clickonwidgets" time="0.284"/>
  <system-out/>
  <testcase classname="test.ToolTip_Test" name="clickonToolTip" time="0.355"/>
  <system-out/>
  <testcase classname="test.ToolTip_Test" name="HandelHover" time="0.303"/>
  <system-out/>
</testsuite> <!-- test.ToolTip_Test -->
