<?xml version="1.0" encoding="UTF-8"?>
<!-- Generated by org.testng.reporters.JUnitReportReporter -->
<testsuite hostname="Hemendra" failures="0" tests="5" name="test.Tab_test" time="7.711" errors="0" timestamp="2023-01-04T18:06:07 IST" skipped="0">
  <testcase classname="test.Tab_test" name="clickonwidgets" time="0.432"/>
  <system-out/>
  <testcase classname="test.Tab_test" name="clickonTab" time="0.244"/>
  <system-out/>
  <testcase classname="test.Tab_test" name="gettextTab1" time="2.294"/>
  <system-out/>
  <testcase classname="test.Tab_test" name="gettextTab2" time="2.467"/>
  <system-out/>
  <testcase classname="test.Tab_test" name="gettextTab3" time="2.274"/>
  <system-out/>
</testsuite> <!-- test.Tab_test -->
