<?xml version="1.0" encoding="UTF-8"?>
<!-- Generated by org.testng.reporters.JUnitReportReporter -->
<testsuite hostname="Hemendra" failures="0" tests="5" name="test.CheckBox_test" time="1.989" errors="0" timestamp="2023-01-04T18:06:07 IST" skipped="0">
  <testcase classname="test.CheckBox_test" name="clickonElements" time="0.249"/>
  <system-out/>
  <testcase classname="test.CheckBox_test" name="clickonCheckBox" time="0.344"/>
  <system-out/>
  <testcase classname="test.CheckBox_test" name="mobileCheckBoxButton" time="0.558"/>
  <system-out/>
  <testcase classname="test.CheckBox_test" name="LaptopCheckBoxButton" time="0.383"/>
  <system-out/>
  <testcase classname="test.CheckBox_test" name="DesktopCheckBoxButton" time="0.455"/>
  <system-out/>
</testsuite> <!-- test.CheckBox_test -->
