<?xml version="1.0" encoding="UTF-8"?>
<!-- Generated by org.testng.reporters.JUnitReportReporter -->
<testsuite hostname="Hemendra" failures="0" tests="3" name="test.browserwindows_test" time="27.938" errors="0" timestamp="2023-01-04T23:49:51 IST" skipped="0">
  <testcase classname="test.browserwindows_test" name="clickonalertframebutton" time="2.685"/>
  <system-out/>
  <testcase classname="test.browserwindows_test" name="clickonbrowserwindowsbutton" time="2.753"/>
  <system-out/>
  <testcase classname="test.browserwindows_test" name="clickonNewWindow" time="22.500"/>
  <system-out/>
</testsuite> <!-- test.browserwindows_test -->
