<?xml version="1.0" encoding="UTF-8"?>
<!-- Generated by org.testng.reporters.JUnitReportReporter -->
<testsuite hostname="Hemendra" failures="0" tests="4" name="test.Frame_test" time="1.393" errors="0" timestamp="2023-01-04T18:06:07 IST" skipped="0">
  <testcase classname="test.Frame_test" name="clickonalertframebutton" time="0.246"/>
  <system-out/>
  <testcase classname="test.Frame_test" name="clickonframe" time="0.389"/>
  <system-out/>
  <testcase classname="test.Frame_test" name="enterinparentframe1" time="0.204"/>
  <system-out/>
  <testcase classname="test.Frame_test" name="enterinchildframe2" time="0.554"/>
  <system-out/>
</testsuite> <!-- test.Frame_test -->
