<?xml version="1.0" encoding="UTF-8"?>
<!-- Generated by org.testng.reporters.JUnitReportReporter -->
<testsuite hostname="Hemendra" failures="0" tests="5" name="test.RadioButton_test" time="11.856" errors="0" timestamp="2023-01-04T18:06:07 IST" skipped="0">
  <testcase classname="test.RadioButton_test" name="clickonElements" time="2.415"/>
  <system-out/>
  <testcase classname="test.RadioButton_test" name="clickonRadioButton" time="2.362"/>
  <system-out/>
  <testcase classname="test.RadioButton_test" name="clickonYesButton" time="2.260"/>
  <system-out/>
  <testcase classname="test.RadioButton_test" name="clickonImpressiveButton" time="2.389"/>
  <system-out/>
  <testcase classname="test.RadioButton_test" name="clickonNoButton" time="2.430"/>
  <system-out/>
</testsuite> <!-- test.RadioButton_test -->
