<?xml version="1.0" encoding="UTF-8"?>
<!-- Generated by org.testng.reporters.JUnitReportReporter -->
<testsuite hostname="Hemendra" failures="0" tests="5" name="test.WebTables_test" time="19.027" errors="0" timestamp="2023-01-04T23:54:39 IST" skipped="0">
  <testcase classname="test.WebTables_test" name="clickonElements" time="2.512"/>
  <system-out/>
  <testcase classname="test.WebTables_test" name="clickonWebTablesbutton" time="1.337"/>
  <system-out/>
  <testcase classname="test.WebTables_test" name="filldetails" time="6.769"/>
  <system-out/>
  <testcase classname="test.WebTables_test" name="editdetails" time="4.977"/>
  <system-out/>
  <testcase classname="test.WebTables_test" name="matched_Data" time="3.432"/>
  <system-out/>
</testsuite> <!-- test.WebTables_test -->
