<?xml version="1.0" encoding="UTF-8"?>
<!-- Generated by org.testng.reporters.JUnitReportReporter -->
<testsuite hostname="Hemendra" failures="0" tests="6" name="test.Alert_test" time="7.169" errors="0" timestamp="2023-01-04T18:06:07 IST" skipped="0">
  <testcase classname="test.Alert_test" name="clickonalertframe" time="0.374"/>
  <system-out/>
  <testcase classname="test.Alert_test" name="clickonalertbutton" time="0.281"/>
  <system-out/>
  <testcase classname="test.Alert_test" name="clickonclickmealert" time="0.392"/>
  <system-out/>
  <testcase classname="test.Alert_test" name="clickmeafter5sec" time="5.503"/>
  <system-out/>
  <testcase classname="test.Alert_test" name="clickonmyconfirm" time="0.300"/>
  <system-out/>
  <testcase classname="test.Alert_test" name="clickonmypromt" time="0.319"/>
  <system-out/>
</testsuite> <!-- test.Alert_test -->
