<?xml version="1.0" encoding="UTF-8"?>
<!-- Generated by org.testng.reporters.JUnitReportReporter -->
<testsuite hostname="Hemendra" failures="0" tests="3" name="test.upload_download_test" time="3.315" errors="0" timestamp="2023-01-04T18:06:07 IST" skipped="0">
  <testcase classname="test.upload_download_test" name="clickonElements" time="0.718"/>
  <system-out/>
  <testcase classname="test.upload_download_test" name="clickonuploadanddownload" time="0.396"/>
  <system-out/>
  <testcase classname="test.upload_download_test" name="clickonchoosefile" time="2.201"/>
  <system-out/>
</testsuite> <!-- test.upload_download_test -->
