<?xml version="1.0" encoding="UTF-8"?>
<!-- Generated by org.testng.reporters.JUnitReportReporter -->
<testsuite hostname="DESKTOP-A020C06" failures="0" tests="101" name="test.Logintest" time="13.087" errors="0" timestamp="2022-11-24T01:47:00 IST" skipped="0">
  <testcase classname="test.Logintest" name="getTitle" time="0.128"/>
  <system-out/>
  <testcase classname="test.Logintest" name="getTitle" time="0.113"/>
  <system-out/>
  <testcase classname="test.Logintest" name="getTitle" time="0.122"/>
  <system-out/>
  <testcase classname="test.Logintest" name="getTitle" time="0.143"/>
  <system-out/>
  <testcase classname="test.Logintest" name="getTitle" time="0.125"/>
  <system-out/>
  <testcase classname="test.Logintest" name="getTitle" time="0.111"/>
  <system-out/>
  <testcase classname="test.Logintest" name="getTitle" time="0.112"/>
  <system-out/>
  <testcase classname="test.Logintest" name="getTitle" time="0.126"/>
  <system-out/>
  <testcase classname="test.Logintest" name="getTitle" time="0.114"/>
  <system-out/>
  <testcase classname="test.Logintest" name="getTitle" time="0.116"/>
  <system-out/>
  <testcase classname="test.Logintest" name="getTitle" time="0.129"/>
  <system-out/>
  <testcase classname="test.Logintest" name="getTitle" time="0.126"/>
  <system-out/>
  <testcase classname="test.Logintest" name="getTitle" time="0.159"/>
  <system-out/>
  <testcase classname="test.Logintest" name="getTitle" time="0.109"/>
  <system-out/>
  <testcase classname="test.Logintest" name="getTitle" time="0.134"/>
  <system-out/>
  <testcase classname="test.Logintest" name="getTitle" time="0.117"/>
  <system-out/>
  <testcase classname="test.Logintest" name="getTitle" time="0.123"/>
  <system-out/>
  <testcase classname="test.Logintest" name="getTitle" time="0.142"/>
  <system-out/>
  <testcase classname="test.Logintest" name="getTitle" time="0.155"/>
  <system-out/>
  <testcase classname="test.Logintest" name="getTitle" time="0.128"/>
  <system-out/>
  <testcase classname="test.Logintest" name="getTitle" time="0.118"/>
  <system-out/>
  <testcase classname="test.Logintest" name="getTitle" time="0.118"/>
  <system-out/>
  <testcase classname="test.Logintest" name="getTitle" time="0.219"/>
  <system-out/>
  <testcase classname="test.Logintest" name="getTitle" time="0.120"/>
  <system-out/>
  <testcase classname="test.Logintest" name="getTitle" time="0.122"/>
  <system-out/>
  <testcase classname="test.Logintest" name="getTitle" time="0.186"/>
  <system-out/>
  <testcase classname="test.Logintest" name="getTitle" time="0.121"/>
  <system-out/>
  <testcase classname="test.Logintest" name="getTitle" time="0.183"/>
  <system-out/>
  <testcase classname="test.Logintest" name="getTitle" time="0.111"/>
  <system-out/>
  <testcase classname="test.Logintest" name="getTitle" time="0.134"/>
  <system-out/>
  <testcase classname="test.Logintest" name="getTitle" time="0.145"/>
  <system-out/>
  <testcase classname="test.Logintest" name="getTitle" time="0.139"/>
  <system-out/>
  <testcase classname="test.Logintest" name="getTitle" time="0.117"/>
  <system-out/>
  <testcase classname="test.Logintest" name="getTitle" time="0.183"/>
  <system-out/>
  <testcase classname="test.Logintest" name="getTitle" time="0.126"/>
  <system-out/>
  <testcase classname="test.Logintest" name="getTitle" time="0.122"/>
  <system-out/>
  <testcase classname="test.Logintest" name="getTitle" time="0.169"/>
  <system-out/>
  <testcase classname="test.Logintest" name="getTitle" time="0.111"/>
  <system-out/>
  <testcase classname="test.Logintest" name="getTitle" time="0.118"/>
  <system-out/>
  <testcase classname="test.Logintest" name="getTitle" time="0.118"/>
  <system-out/>
  <testcase classname="test.Logintest" name="getTitle" time="0.114"/>
  <system-out/>
  <testcase classname="test.Logintest" name="getTitle" time="0.119"/>
  <system-out/>
  <testcase classname="test.Logintest" name="getTitle" time="0.104"/>
  <system-out/>
  <testcase classname="test.Logintest" name="getTitle" time="0.142"/>
  <system-out/>
  <testcase classname="test.Logintest" name="getTitle" time="0.249"/>
  <system-out/>
  <testcase classname="test.Logintest" name="getTitle" time="0.161"/>
  <system-out/>
  <testcase classname="test.Logintest" name="getTitle" time="0.128"/>
  <system-out/>
  <testcase classname="test.Logintest" name="getTitle" time="0.111"/>
  <system-out/>
  <testcase classname="test.Logintest" name="getTitle" time="0.113"/>
  <system-out/>
  <testcase classname="test.Logintest" name="getTitle" time="0.140"/>
  <system-out/>
  <testcase classname="test.Logintest" name="getTitle" time="0.141"/>
  <system-out/>
  <testcase classname="test.Logintest" name="getTitle" time="0.132"/>
  <system-out/>
  <testcase classname="test.Logintest" name="getTitle" time="0.120"/>
  <system-out/>
  <testcase classname="test.Logintest" name="getTitle" time="0.116"/>
  <system-out/>
  <testcase classname="test.Logintest" name="getTitle" time="0.107"/>
  <system-out/>
  <testcase classname="test.Logintest" name="getTitle" time="0.113"/>
  <system-out/>
  <testcase classname="test.Logintest" name="getTitle" time="0.122"/>
  <system-out/>
  <testcase classname="test.Logintest" name="getTitle" time="0.145"/>
  <system-out/>
  <testcase classname="test.Logintest" name="getTitle" time="0.153"/>
  <system-out/>
  <testcase classname="test.Logintest" name="getTitle" time="0.132"/>
  <system-out/>
  <testcase classname="test.Logintest" name="getTitle" time="0.113"/>
  <system-out/>
  <testcase classname="test.Logintest" name="getTitle" time="0.124"/>
  <system-out/>
  <testcase classname="test.Logintest" name="getTitle" time="0.123"/>
  <system-out/>
  <testcase classname="test.Logintest" name="getTitle" time="0.134"/>
  <system-out/>
  <testcase classname="test.Logintest" name="getTitle" time="0.113"/>
  <system-out/>
  <testcase classname="test.Logintest" name="getTitle" time="0.103"/>
  <system-out/>
  <testcase classname="test.Logintest" name="getTitle" time="0.120"/>
  <system-out/>
  <testcase classname="test.Logintest" name="getTitle" time="0.120"/>
  <system-out/>
  <testcase classname="test.Logintest" name="getTitle" time="0.107"/>
  <system-out/>
  <testcase classname="test.Logintest" name="getTitle" time="0.105"/>
  <system-out/>
  <testcase classname="test.Logintest" name="getTitle" time="0.129"/>
  <system-out/>
  <testcase classname="test.Logintest" name="getTitle" time="0.122"/>
  <system-out/>
  <testcase classname="test.Logintest" name="getTitle" time="0.114"/>
  <system-out/>
  <testcase classname="test.Logintest" name="getTitle" time="0.120"/>
  <system-out/>
  <testcase classname="test.Logintest" name="getTitle" time="0.128"/>
  <system-out/>
  <testcase classname="test.Logintest" name="getTitle" time="0.135"/>
  <system-out/>
  <testcase classname="test.Logintest" name="getTitle" time="0.117"/>
  <system-out/>
  <testcase classname="test.Logintest" name="getTitle" time="0.133"/>
  <system-out/>
  <testcase classname="test.Logintest" name="getTitle" time="0.139"/>
  <system-out/>
  <testcase classname="test.Logintest" name="getTitle" time="0.119"/>
  <system-out/>
  <testcase classname="test.Logintest" name="getTitle" time="0.126"/>
  <system-out/>
  <testcase classname="test.Logintest" name="getTitle" time="0.117"/>
  <system-out/>
  <testcase classname="test.Logintest" name="getTitle" time="0.119"/>
  <system-out/>
  <testcase classname="test.Logintest" name="getTitle" time="0.144"/>
  <system-out/>
  <testcase classname="test.Logintest" name="getTitle" time="0.118"/>
  <system-out/>
  <testcase classname="test.Logintest" name="getTitle" time="0.111"/>
  <system-out/>
  <testcase classname="test.Logintest" name="getTitle" time="0.115"/>
  <system-out/>
  <testcase classname="test.Logintest" name="getTitle" time="0.117"/>
  <system-out/>
  <testcase classname="test.Logintest" name="getTitle" time="0.118"/>
  <system-out/>
  <testcase classname="test.Logintest" name="getTitle" time="0.118"/>
  <system-out/>
  <testcase classname="test.Logintest" name="getTitle" time="0.190"/>
  <system-out/>
  <testcase classname="test.Logintest" name="getTitle" time="0.138"/>
  <system-out/>
  <testcase classname="test.Logintest" name="getTitle" time="0.130"/>
  <system-out/>
  <testcase classname="test.Logintest" name="getTitle" time="0.130"/>
  <system-out/>
  <testcase classname="test.Logintest" name="getTitle" time="0.138"/>
  <system-out/>
  <testcase classname="test.Logintest" name="getTitle" time="0.116"/>
  <system-out/>
  <testcase classname="test.Logintest" name="getTitle" time="0.117"/>
  <system-out/>
  <testcase classname="test.Logintest" name="getTitle" time="0.119"/>
  <system-out/>
  <testcase classname="test.Logintest" name="getTitle" time="0.106"/>
  <system-out/>
  <testcase classname="test.Logintest" name="getTitle" time="0.137"/>
  <system-out/>
  <testcase classname="test.Logintest" name="clickonElements" time="0.171"/>
  <system-out/>
</testsuite> <!-- test.Logintest -->
